
*** Running vivado
    with args -log combined.vds -m64 -product Vivado -mode batch -messageDb vivado.pb -notrace -source combined.tcl


****** Vivado v2018.1 (64-bit)
  **** SW Build 2188600 on Wed Apr  4 18:40:38 MDT 2018
  **** IP Build 2185939 on Wed Apr  4 20:55:05 MDT 2018
    ** Copyright 1986-2018 Xilinx, Inc. All Rights Reserved.

source combined.tcl -notrace
Command: synth_design -top combined -part xc7z020clg484-1
Starting synth_design
Attempting to get a license for feature 'Synthesis' and/or device 'xc7z020'
INFO: [Common 17-349] Got license for feature 'Synthesis' and/or device 'xc7z020'
INFO: Launching helper process for spawning children vivado processes
INFO: Helper process launched with PID 15948 
---------------------------------------------------------------------------------
Starting RTL Elaboration : Time (s): cpu = 00:00:08 ; elapsed = 00:00:09 . Memory (MB): peak = 359.133 ; gain = 100.082
---------------------------------------------------------------------------------
INFO: [Synth 8-6157] synthesizing module 'combined' [E:/akhil/Combined Module/combined.v:7]
INFO: [Synth 8-6157] synthesizing module 'DCW' [E:/akhil/Combined Module/DCW.v:7]
WARNING: [Synth 8-6014] Unused sequential element temp_reg was removed.  [E:/akhil/Combined Module/DCW.v:32]
INFO: [Synth 8-6155] done synthesizing module 'DCW' (1#1) [E:/akhil/Combined Module/DCW.v:7]
INFO: [Synth 8-6157] synthesizing module 'test_control' [E:/akhil/Combined Module/test_control.v:8]
INFO: [Synth 8-6157] synthesizing module 'transmit' [E:/akhil/Combined Module/transmit.v:6]
INFO: [Synth 8-6157] synthesizing module 'choose' [E:/akhil/Combined Module/choose.v:6]
INFO: [Synth 8-6157] synthesizing module 'seven' [E:/akhil/Combined Module/seven.v:5]
INFO: [Synth 8-6155] done synthesizing module 'seven' (2#1) [E:/akhil/Combined Module/seven.v:5]
INFO: [Synth 8-6157] synthesizing module 'thirteen' [E:/akhil/Combined Module/thirteen.v:5]
INFO: [Synth 8-6155] done synthesizing module 'thirteen' (3#1) [E:/akhil/Combined Module/thirteen.v:5]
INFO: [Synth 8-6155] done synthesizing module 'choose' (4#1) [E:/akhil/Combined Module/choose.v:6]
INFO: [Synth 8-6157] synthesizing module 'preemph' [E:/akhil/Combined Module/preemph.v:5]
INFO: [Synth 8-6157] synthesizing module 'DFF' [E:/akhil/Combined Module/DFF.v:2]
INFO: [Synth 8-6155] done synthesizing module 'DFF' (5#1) [E:/akhil/Combined Module/DFF.v:2]
INFO: [Synth 8-6155] done synthesizing module 'preemph' (6#1) [E:/akhil/Combined Module/preemph.v:5]
INFO: [Synth 8-6155] done synthesizing module 'transmit' (7#1) [E:/akhil/Combined Module/transmit.v:6]
INFO: [Synth 8-6157] synthesizing module 'mux' [E:/akhil/Combined Module/mux.v:2]
INFO: [Synth 8-6155] done synthesizing module 'mux' (8#1) [E:/akhil/Combined Module/mux.v:2]
INFO: [Synth 8-6157] synthesizing module 'error' [E:/akhil/Combined Module/error.v:5]
WARNING: [Synth 8-567] referenced signal 'er' should be on the sensitivity list [E:/akhil/Combined Module/error.v:16]
INFO: [Synth 8-6155] done synthesizing module 'error' (9#1) [E:/akhil/Combined Module/error.v:5]
INFO: [Synth 8-6157] synthesizing module 'comp' [E:/akhil/Combined Module/comp.v:5]
INFO: [Synth 8-6155] done synthesizing module 'comp' (10#1) [E:/akhil/Combined Module/comp.v:5]
WARNING: [Synth 8-689] width (16) of port connection 'count1' does not match port width (32) of module 'comp' [E:/akhil/Combined Module/test_control.v:34]
INFO: [Synth 8-6155] done synthesizing module 'test_control' (11#1) [E:/akhil/Combined Module/test_control.v:8]
INFO: [Synth 8-6155] done synthesizing module 'combined' (12#1) [E:/akhil/Combined Module/combined.v:7]
WARNING: [Synth 8-3331] design thirteen has unconnected port control
WARNING: [Synth 8-3331] design seven has unconnected port control
---------------------------------------------------------------------------------
Finished RTL Elaboration : Time (s): cpu = 00:00:09 ; elapsed = 00:00:11 . Memory (MB): peak = 413.230 ; gain = 154.180
---------------------------------------------------------------------------------

Report Check Netlist: 
+------+------------------+-------+---------+-------+------------------+
|      |Item              |Errors |Warnings |Status |Description       |
+------+------------------+-------+---------+-------+------------------+
|1     |multi_driven_nets |      0|        0|Passed |Multi driven nets |
+------+------------------+-------+---------+-------+------------------+
---------------------------------------------------------------------------------
Start Handling Custom Attributes
---------------------------------------------------------------------------------
---------------------------------------------------------------------------------
Finished Handling Custom Attributes : Time (s): cpu = 00:00:09 ; elapsed = 00:00:11 . Memory (MB): peak = 413.230 ; gain = 154.180
---------------------------------------------------------------------------------
---------------------------------------------------------------------------------
Finished RTL Optimization Phase 1 : Time (s): cpu = 00:00:09 ; elapsed = 00:00:11 . Memory (MB): peak = 413.230 ; gain = 154.180
---------------------------------------------------------------------------------
INFO: [Device 21-403] Loading part xc7z020clg484-1
INFO: [Project 1-570] Preparing netlist for logic optimization

Processing XDC Constraints
Initializing timing engine
Parsing XDC File [E:/akhil/Combined Module/ibert_final/ibert_final.srcs/constrs_5/new/Ibert.xdc]
Finished Parsing XDC File [E:/akhil/Combined Module/ibert_final/ibert_final.srcs/constrs_5/new/Ibert.xdc]
INFO: [Project 1-236] Implementation specific constraints were found while reading constraint file [E:/akhil/Combined Module/ibert_final/ibert_final.srcs/constrs_5/new/Ibert.xdc]. These constraints will be ignored for synthesis but will be used in implementation. Impacted constraints are listed in the file [.Xil/combined_propImpl.xdc].
Resolution: To avoid this warning, move constraints listed in [.Xil/combined_propImpl.xdc] to another XDC file and exclude this new file from synthesis with the used_in_synthesis property (File Properties dialog in GUI) and re-run elaboration/synthesis.
Completed Processing XDC Constraints

INFO: [Project 1-111] Unisim Transformation Summary:
No Unisim elements were transformed.

Constraint Validation Runtime : Time (s): cpu = 00:00:00 ; elapsed = 00:00:00.106 . Memory (MB): peak = 771.801 ; gain = 0.000
---------------------------------------------------------------------------------
Finished Constraint Validation : Time (s): cpu = 00:00:29 ; elapsed = 00:00:36 . Memory (MB): peak = 771.801 ; gain = 512.750
---------------------------------------------------------------------------------
---------------------------------------------------------------------------------
Start Loading Part and Timing Information
---------------------------------------------------------------------------------
Loading part: xc7z020clg484-1
---------------------------------------------------------------------------------
Finished Loading Part and Timing Information : Time (s): cpu = 00:00:29 ; elapsed = 00:00:36 . Memory (MB): peak = 771.801 ; gain = 512.750
---------------------------------------------------------------------------------
---------------------------------------------------------------------------------
Start Applying 'set_property' XDC Constraints
---------------------------------------------------------------------------------
---------------------------------------------------------------------------------
Finished applying 'set_property' XDC Constraints : Time (s): cpu = 00:00:29 ; elapsed = 00:00:36 . Memory (MB): peak = 771.801 ; gain = 512.750
---------------------------------------------------------------------------------
INFO: [Synth 8-5818] HDL ADVISOR - The operator resource <adder> is shared. To prevent sharing consider applying a KEEP on the output of the operator [E:/akhil/Combined Module/DCW.v:26]
INFO: [Synth 8-5544] ROM "channel_reset" won't be mapped to Block RAM because address size (3) smaller than threshold (5)
INFO: [Synth 8-5544] ROM "channel_reset" won't be mapped to Block RAM because address size (3) smaller than threshold (5)
WARNING: [Synth 8-327] inferring latch for variable 'channel_reset_reg' [E:/akhil/Combined Module/DCW.v:49]
WARNING: [Synth 8-327] inferring latch for variable 'datawidth_reg' [E:/akhil/Combined Module/DCW.v:50]
WARNING: [Synth 8-327] inferring latch for variable 'pattern_reg' [E:/akhil/Combined Module/choose.v:19]
WARNING: [Synth 8-327] inferring latch for variable 'c_reg' [E:/akhil/Combined Module/mux.v:11]
WARNING: [Synth 8-327] inferring latch for variable 'total_error_reg' [E:/akhil/Combined Module/test_control.v:37]
WARNING: [Synth 8-327] inferring latch for variable 'count_reg' [E:/akhil/Combined Module/test_control.v:38]
WARNING: [Synth 8-327] inferring latch for variable 'flag_reg' [E:/akhil/Combined Module/test_control.v:37]
---------------------------------------------------------------------------------
Finished RTL Optimization Phase 2 : Time (s): cpu = 00:00:29 ; elapsed = 00:00:36 . Memory (MB): peak = 771.801 ; gain = 512.750
---------------------------------------------------------------------------------

Report RTL Partitions: 
+-+--------------+------------+----------+
| |RTL Partition |Replication |Instances |
+-+--------------+------------+----------+
+-+--------------+------------+----------+
---------------------------------------------------------------------------------
Start RTL Component Statistics 
---------------------------------------------------------------------------------
Detailed RTL Component Info : 
+---Adders : 
	   4 Input     25 Bit       Adders := 1     
	   2 Input     16 Bit       Adders := 2     
	   2 Input     13 Bit       Adders := 2     
	   2 Input     11 Bit       Adders := 2     
	  13 Input      5 Bit       Adders := 1     
+---XORs : 
	   2 Input     13 Bit         XORs := 1     
	   2 Input      1 Bit         XORs := 1     
	   4 Input      1 Bit         XORs := 1     
+---Registers : 
	               25 Bit    Registers := 1     
	               13 Bit    Registers := 4     
	                7 Bit    Registers := 1     
	                1 Bit    Registers := 1     
+---Muxes : 
	   2 Input     25 Bit        Muxes := 1     
	   2 Input     16 Bit        Muxes := 4     
	   3 Input     16 Bit        Muxes := 1     
	   2 Input     13 Bit        Muxes := 5     
	   2 Input     11 Bit        Muxes := 4     
	   2 Input      1 Bit        Muxes := 5     
	   3 Input      1 Bit        Muxes := 1     
---------------------------------------------------------------------------------
Finished RTL Component Statistics 
---------------------------------------------------------------------------------
---------------------------------------------------------------------------------
Start RTL Hierarchical Component Statistics 
---------------------------------------------------------------------------------
Hierarchical RTL Component report 
Module DCW 
Detailed RTL Component Info : 
+---Adders : 
	   4 Input     25 Bit       Adders := 1     
+---Registers : 
	               25 Bit    Registers := 1     
	                1 Bit    Registers := 1     
+---Muxes : 
	   2 Input     25 Bit        Muxes := 1     
	   2 Input      1 Bit        Muxes := 4     
Module seven 
Detailed RTL Component Info : 
+---XORs : 
	   2 Input      1 Bit         XORs := 1     
+---Registers : 
	                7 Bit    Registers := 1     
Module thirteen 
Detailed RTL Component Info : 
+---XORs : 
	   4 Input      1 Bit         XORs := 1     
+---Registers : 
	               13 Bit    Registers := 1     
Module choose 
Detailed RTL Component Info : 
+---Muxes : 
	   2 Input     13 Bit        Muxes := 1     
Module DFF 
Detailed RTL Component Info : 
+---Registers : 
	               13 Bit    Registers := 1     
Module preemph 
Detailed RTL Component Info : 
+---Registers : 
	               13 Bit    Registers := 1     
Module mux 
Detailed RTL Component Info : 
+---Muxes : 
	   2 Input     13 Bit        Muxes := 1     
Module error 
Detailed RTL Component Info : 
+---XORs : 
	   2 Input     13 Bit         XORs := 1     
Module comp 
Detailed RTL Component Info : 
+---Adders : 
	  13 Input      5 Bit       Adders := 1     
Module test_control 
Detailed RTL Component Info : 
+---Adders : 
	   2 Input     16 Bit       Adders := 2     
	   2 Input     13 Bit       Adders := 2     
	   2 Input     11 Bit       Adders := 2     
+---Muxes : 
	   2 Input     16 Bit        Muxes := 4     
	   3 Input     16 Bit        Muxes := 1     
	   2 Input     13 Bit        Muxes := 3     
	   2 Input     11 Bit        Muxes := 4     
	   3 Input      1 Bit        Muxes := 1     
	   2 Input      1 Bit        Muxes := 1     
---------------------------------------------------------------------------------
Finished RTL Hierarchical Component Statistics
---------------------------------------------------------------------------------
---------------------------------------------------------------------------------
Start Part Resource Summary
---------------------------------------------------------------------------------
Part Resources:
DSPs: 220 (col length:60)
BRAMs: 280 (col length: RAMB18 60 RAMB36 30)
---------------------------------------------------------------------------------
Finished Part Resource Summary
---------------------------------------------------------------------------------
---------------------------------------------------------------------------------
Start Cross Boundary and Area Optimization
---------------------------------------------------------------------------------
Warning: Parallel synthesis criteria is not met 
WARNING: [Synth 8-3332] Sequential element (d1/datawidth_reg[2]) is unused and will be removed from module combined.
WARNING: [Synth 8-3332] Sequential element (d1/datawidth_reg[1]) is unused and will be removed from module combined.
WARNING: [Synth 8-3332] Sequential element (d1/datawidth_reg[0]) is unused and will be removed from module combined.
WARNING: [Synth 8-3332] Sequential element (test/t1/cc1/pattern_reg[12]) is unused and will be removed from module combined.
WARNING: [Synth 8-3332] Sequential element (test/t1/cc1/pattern_reg[11]) is unused and will be removed from module combined.
WARNING: [Synth 8-3332] Sequential element (test/t1/cc1/pattern_reg[10]) is unused and will be removed from module combined.
WARNING: [Synth 8-3332] Sequential element (test/t1/cc1/pattern_reg[9]) is unused and will be removed from module combined.
WARNING: [Synth 8-3332] Sequential element (test/t1/cc1/pattern_reg[8]) is unused and will be removed from module combined.
WARNING: [Synth 8-3332] Sequential element (test/t1/cc1/pattern_reg[7]) is unused and will be removed from module combined.
WARNING: [Synth 8-3332] Sequential element (test/t1/cc1/pattern_reg[6]) is unused and will be removed from module combined.
WARNING: [Synth 8-3332] Sequential element (test/t1/cc1/pattern_reg[5]) is unused and will be removed from module combined.
WARNING: [Synth 8-3332] Sequential element (test/t1/cc1/pattern_reg[4]) is unused and will be removed from module combined.
WARNING: [Synth 8-3332] Sequential element (test/t1/cc1/pattern_reg[3]) is unused and will be removed from module combined.
WARNING: [Synth 8-3332] Sequential element (test/t1/cc1/pattern_reg[2]) is unused and will be removed from module combined.
WARNING: [Synth 8-3332] Sequential element (test/t1/cc1/pattern_reg[1]) is unused and will be removed from module combined.
WARNING: [Synth 8-3332] Sequential element (test/t1/cc1/pattern_reg[0]) is unused and will be removed from module combined.
WARNING: [Synth 8-3332] Sequential element (test/m1/c_reg[12]) is unused and will be removed from module combined.
WARNING: [Synth 8-3332] Sequential element (test/m1/c_reg[11]) is unused and will be removed from module combined.
WARNING: [Synth 8-3332] Sequential element (test/m1/c_reg[10]) is unused and will be removed from module combined.
WARNING: [Synth 8-3332] Sequential element (test/m1/c_reg[9]) is unused and will be removed from module combined.
WARNING: [Synth 8-3332] Sequential element (test/m1/c_reg[8]) is unused and will be removed from module combined.
WARNING: [Synth 8-3332] Sequential element (test/m1/c_reg[7]) is unused and will be removed from module combined.
WARNING: [Synth 8-3332] Sequential element (test/m1/c_reg[6]) is unused and will be removed from module combined.
WARNING: [Synth 8-3332] Sequential element (test/m1/c_reg[5]) is unused and will be removed from module combined.
WARNING: [Synth 8-3332] Sequential element (test/m1/c_reg[4]) is unused and will be removed from module combined.
WARNING: [Synth 8-3332] Sequential element (test/m1/c_reg[3]) is unused and will be removed from module combined.
WARNING: [Synth 8-3332] Sequential element (test/m1/c_reg[2]) is unused and will be removed from module combined.
WARNING: [Synth 8-3332] Sequential element (test/m1/c_reg[1]) is unused and will be removed from module combined.
WARNING: [Synth 8-3332] Sequential element (test/m1/c_reg[0]) is unused and will be removed from module combined.
WARNING: [Synth 8-3332] Sequential element (test/count_reg[15]) is unused and will be removed from module combined.
WARNING: [Synth 8-3332] Sequential element (test/count_reg[14]) is unused and will be removed from module combined.
WARNING: [Synth 8-3332] Sequential element (test/count_reg[13]) is unused and will be removed from module combined.
WARNING: [Synth 8-3332] Sequential element (test/count_reg[12]) is unused and will be removed from module combined.
WARNING: [Synth 8-3332] Sequential element (test/count_reg[11]) is unused and will be removed from module combined.
WARNING: [Synth 8-3332] Sequential element (test/count_reg[10]) is unused and will be removed from module combined.
WARNING: [Synth 8-3332] Sequential element (test/count_reg[9]) is unused and will be removed from module combined.
WARNING: [Synth 8-3332] Sequential element (test/count_reg[8]) is unused and will be removed from module combined.
WARNING: [Synth 8-3332] Sequential element (test/count_reg[7]) is unused and will be removed from module combined.
WARNING: [Synth 8-3332] Sequential element (test/count_reg[6]) is unused and will be removed from module combined.
WARNING: [Synth 8-3332] Sequential element (test/count_reg[5]) is unused and will be removed from module combined.
WARNING: [Synth 8-3332] Sequential element (test/count_reg[4]) is unused and will be removed from module combined.
WARNING: [Synth 8-3332] Sequential element (test/count_reg[3]) is unused and will be removed from module combined.
WARNING: [Synth 8-3332] Sequential element (test/count_reg[2]) is unused and will be removed from module combined.
WARNING: [Synth 8-3332] Sequential element (test/count_reg[1]) is unused and will be removed from module combined.
WARNING: [Synth 8-3332] Sequential element (test/count_reg[0]) is unused and will be removed from module combined.
WARNING: [Synth 8-3332] Sequential element (test/flag_reg[10]) is unused and will be removed from module combined.
WARNING: [Synth 8-3332] Sequential element (test/flag_reg[9]) is unused and will be removed from module combined.
WARNING: [Synth 8-3332] Sequential element (test/flag_reg[8]) is unused and will be removed from module combined.
WARNING: [Synth 8-3332] Sequential element (test/flag_reg[7]) is unused and will be removed from module combined.
WARNING: [Synth 8-3332] Sequential element (test/flag_reg[6]) is unused and will be removed from module combined.
WARNING: [Synth 8-3332] Sequential element (test/flag_reg[5]) is unused and will be removed from module combined.
WARNING: [Synth 8-3332] Sequential element (test/flag_reg[4]) is unused and will be removed from module combined.
WARNING: [Synth 8-3332] Sequential element (test/flag_reg[3]) is unused and will be removed from module combined.
WARNING: [Synth 8-3332] Sequential element (test/flag_reg[2]) is unused and will be removed from module combined.
WARNING: [Synth 8-3332] Sequential element (test/flag_reg[1]) is unused and will be removed from module combined.
WARNING: [Synth 8-3332] Sequential element (test/flag_reg[0]) is unused and will be removed from module combined.
WARNING: [Synth 8-3332] Sequential element (test/t1/p1/dff1/Q_reg[12]) is unused and will be removed from module combined.
WARNING: [Synth 8-3332] Sequential element (test/t1/p1/dff1/Q_reg[11]) is unused and will be removed from module combined.
WARNING: [Synth 8-3332] Sequential element (test/t1/p1/dff1/Q_reg[10]) is unused and will be removed from module combined.
WARNING: [Synth 8-3332] Sequential element (test/t1/p1/dff1/Q_reg[9]) is unused and will be removed from module combined.
WARNING: [Synth 8-3332] Sequential element (test/t1/p1/dff1/Q_reg[8]) is unused and will be removed from module combined.
WARNING: [Synth 8-3332] Sequential element (test/t1/p1/dff1/Q_reg[7]) is unused and will be removed from module combined.
WARNING: [Synth 8-3332] Sequential element (test/t1/p1/dff1/Q_reg[6]) is unused and will be removed from module combined.
WARNING: [Synth 8-3332] Sequential element (test/t1/p1/dff1/Q_reg[5]) is unused and will be removed from module combined.
WARNING: [Synth 8-3332] Sequential element (test/t1/p1/dff2/Q_reg[12]) is unused and will be removed from module combined.
WARNING: [Synth 8-3332] Sequential element (test/t1/p1/dff2/Q_reg[11]) is unused and will be removed from module combined.
WARNING: [Synth 8-3332] Sequential element (test/t1/p1/dff2/Q_reg[10]) is unused and will be removed from module combined.
WARNING: [Synth 8-3332] Sequential element (test/t1/p1/dff2/Q_reg[9]) is unused and will be removed from module combined.
WARNING: [Synth 8-3332] Sequential element (test/t1/p1/dff2/Q_reg[8]) is unused and will be removed from module combined.
WARNING: [Synth 8-3332] Sequential element (test/t1/p1/dff2/Q_reg[7]) is unused and will be removed from module combined.
WARNING: [Synth 8-3332] Sequential element (test/t1/p1/dff2/Q_reg[6]) is unused and will be removed from module combined.
WARNING: [Synth 8-3332] Sequential element (test/t1/p1/dff2/Q_reg[5]) is unused and will be removed from module combined.
WARNING: [Synth 8-3332] Sequential element (test/t1/p1/b_reg[12]) is unused and will be removed from module combined.
WARNING: [Synth 8-3332] Sequential element (test/t1/p1/b_reg[11]) is unused and will be removed from module combined.
WARNING: [Synth 8-3332] Sequential element (test/t1/p1/b_reg[10]) is unused and will be removed from module combined.
WARNING: [Synth 8-3332] Sequential element (test/t1/p1/b_reg[9]) is unused and will be removed from module combined.
WARNING: [Synth 8-3332] Sequential element (test/t1/p1/b_reg[8]) is unused and will be removed from module combined.
WARNING: [Synth 8-3332] Sequential element (test/t1/p1/b_reg[7]) is unused and will be removed from module combined.
WARNING: [Synth 8-3332] Sequential element (test/t1/p1/b_reg[6]) is unused and will be removed from module combined.
WARNING: [Synth 8-3332] Sequential element (test/t1/p1/b_reg[5]) is unused and will be removed from module combined.
WARNING: [Synth 8-3332] Sequential element (test/t1/p1/b_reg[3]) is unused and will be removed from module combined.
WARNING: [Synth 8-3332] Sequential element (test/t1/p1/b_reg[2]) is unused and will be removed from module combined.
WARNING: [Synth 8-3332] Sequential element (test/t1/p1/b_reg[0]) is unused and will be removed from module combined.
---------------------------------------------------------------------------------
Finished Cross Boundary and Area Optimization : Time (s): cpu = 00:00:31 ; elapsed = 00:00:39 . Memory (MB): peak = 771.801 ; gain = 512.750
---------------------------------------------------------------------------------

Report RTL Partitions: 
+-+--------------+------------+----------+
| |RTL Partition |Replication |Instances |
+-+--------------+------------+----------+
+-+--------------+------------+----------+
---------------------------------------------------------------------------------
Start Applying XDC Timing Constraints
---------------------------------------------------------------------------------
---------------------------------------------------------------------------------
Finished Applying XDC Timing Constraints : Time (s): cpu = 00:00:46 ; elapsed = 00:00:55 . Memory (MB): peak = 771.801 ; gain = 512.750
---------------------------------------------------------------------------------
---------------------------------------------------------------------------------
Start Timing Optimization
---------------------------------------------------------------------------------
---------------------------------------------------------------------------------
Finished Timing Optimization : Time (s): cpu = 00:00:46 ; elapsed = 00:00:55 . Memory (MB): peak = 772.090 ; gain = 513.039
---------------------------------------------------------------------------------

Report RTL Partitions: 
+-+--------------+------------+----------+
| |RTL Partition |Replication |Instances |
+-+--------------+------------+----------+
+-+--------------+------------+----------+
---------------------------------------------------------------------------------
Start Technology Mapping
---------------------------------------------------------------------------------
---------------------------------------------------------------------------------
Finished Technology Mapping : Time (s): cpu = 00:00:46 ; elapsed = 00:00:55 . Memory (MB): peak = 787.879 ; gain = 528.828
---------------------------------------------------------------------------------

Report RTL Partitions: 
+-+--------------+------------+----------+
| |RTL Partition |Replication |Instances |
+-+--------------+------------+----------+
+-+--------------+------------+----------+
---------------------------------------------------------------------------------
Start IO Insertion
---------------------------------------------------------------------------------
---------------------------------------------------------------------------------
Start Flattening Before IO Insertion
---------------------------------------------------------------------------------
---------------------------------------------------------------------------------
Finished Flattening Before IO Insertion
---------------------------------------------------------------------------------
---------------------------------------------------------------------------------
Start Final Netlist Cleanup
---------------------------------------------------------------------------------
---------------------------------------------------------------------------------
Finished Final Netlist Cleanup
---------------------------------------------------------------------------------
---------------------------------------------------------------------------------
Finished IO Insertion : Time (s): cpu = 00:00:48 ; elapsed = 00:00:57 . Memory (MB): peak = 787.879 ; gain = 528.828
---------------------------------------------------------------------------------

Report Check Netlist: 
+------+------------------+-------+---------+-------+------------------+
|      |Item              |Errors |Warnings |Status |Description       |
+------+------------------+-------+---------+-------+------------------+
|1     |multi_driven_nets |      0|        0|Passed |Multi driven nets |
+------+------------------+-------+---------+-------+------------------+
---------------------------------------------------------------------------------
Start Renaming Generated Instances
---------------------------------------------------------------------------------
---------------------------------------------------------------------------------
Finished Renaming Generated Instances : Time (s): cpu = 00:00:48 ; elapsed = 00:00:57 . Memory (MB): peak = 787.879 ; gain = 528.828
---------------------------------------------------------------------------------

Report RTL Partitions: 
+-+--------------+------------+----------+
| |RTL Partition |Replication |Instances |
+-+--------------+------------+----------+
+-+--------------+------------+----------+
---------------------------------------------------------------------------------
Start Rebuilding User Hierarchy
---------------------------------------------------------------------------------
---------------------------------------------------------------------------------
Finished Rebuilding User Hierarchy : Time (s): cpu = 00:00:48 ; elapsed = 00:00:57 . Memory (MB): peak = 787.879 ; gain = 528.828
---------------------------------------------------------------------------------
---------------------------------------------------------------------------------
Start Renaming Generated Ports
---------------------------------------------------------------------------------
---------------------------------------------------------------------------------
Finished Renaming Generated Ports : Time (s): cpu = 00:00:48 ; elapsed = 00:00:57 . Memory (MB): peak = 787.879 ; gain = 528.828
---------------------------------------------------------------------------------
---------------------------------------------------------------------------------
Start Handling Custom Attributes
---------------------------------------------------------------------------------
---------------------------------------------------------------------------------
Finished Handling Custom Attributes : Time (s): cpu = 00:00:48 ; elapsed = 00:00:57 . Memory (MB): peak = 787.879 ; gain = 528.828
---------------------------------------------------------------------------------
---------------------------------------------------------------------------------
Start Renaming Generated Nets
---------------------------------------------------------------------------------
---------------------------------------------------------------------------------
Finished Renaming Generated Nets : Time (s): cpu = 00:00:48 ; elapsed = 00:00:57 . Memory (MB): peak = 787.879 ; gain = 528.828
---------------------------------------------------------------------------------
---------------------------------------------------------------------------------
Start ROM, RAM, DSP and Shift Register Reporting
---------------------------------------------------------------------------------

Static Shift Register Report:
+------------+--------------------------------+--------+-------+--------------+--------------------+-------------------+--------+---------+
|Module Name | RTL Name                       | Length | Width | Reset Signal | Pull out first Reg | Pull out last Reg | SRL16E | SRLC32E | 
+------------+--------------------------------+--------+-------+--------------+--------------------+-------------------+--------+---------+
|combined    | test/t1/cc1/tt1/random_reg[12] | 8      | 1     | YES          | NO                 | YES               | 1      | 0       | 
+------------+--------------------------------+--------+-------+--------------+--------------------+-------------------+--------+---------+

---------------------------------------------------------------------------------
Finished ROM, RAM, DSP and Shift Register Reporting
---------------------------------------------------------------------------------
---------------------------------------------------------------------------------
Start Writing Synthesis Report
---------------------------------------------------------------------------------

Report BlackBoxes: 
+-+--------------+----------+
| |BlackBox name |Instances |
+-+--------------+----------+
+-+--------------+----------+

Report Cell Usage: 
+------+-------+------+
|      |Cell   |Count |
+------+-------+------+
|1     |BUFG   |     2|
|2     |CARRY4 |    33|
|3     |LUT1   |     4|
|4     |LUT2   |    13|
|5     |LUT3   |    82|
|6     |LUT4   |    44|
|7     |LUT5   |    58|
|8     |LUT6   |    63|
|9     |SRL16E |     1|
|10    |FDRE   |    51|
|11    |FDSE   |     8|
|12    |LDC    |    13|
|13    |LDP    |     1|
|14    |IBUF   |    34|
|15    |OBUF   |    42|
+------+-------+------+

Report Instance Areas: 
+------+-------------+-------------+------+
|      |Instance     |Module       |Cells |
+------+-------------+-------------+------+
|1     |top          |             |   449|
|2     |  d1         |DCW          |    90|
|3     |  test       |test_control |   271|
|4     |    t1       |transmit     |   129|
|5     |      cc1    |choose       |    40|
|6     |        s1   |seven        |     9|
|7     |        tt1  |thirteen     |    31|
|8     |      p1     |preemph      |    89|
|9     |        dff1 |DFF          |     6|
|10    |        dff2 |DFF_0        |     5|
+------+-------------+-------------+------+
---------------------------------------------------------------------------------
Finished Writing Synthesis Report : Time (s): cpu = 00:00:48 ; elapsed = 00:00:57 . Memory (MB): peak = 787.879 ; gain = 528.828
---------------------------------------------------------------------------------
Synthesis finished with 0 errors, 0 critical warnings and 90 warnings.
Synthesis Optimization Runtime : Time (s): cpu = 00:00:28 ; elapsed = 00:00:42 . Memory (MB): peak = 787.879 ; gain = 170.258
Synthesis Optimization Complete : Time (s): cpu = 00:00:48 ; elapsed = 00:00:57 . Memory (MB): peak = 787.879 ; gain = 528.828
INFO: [Project 1-571] Translating synthesized netlist
INFO: [Netlist 29-17] Analyzing 81 Unisim elements for replacement
INFO: [Netlist 29-28] Unisim Transformation completed in 0 CPU seconds
INFO: [Project 1-570] Preparing netlist for logic optimization
INFO: [Opt 31-138] Pushed 0 inverter(s) to 0 load pin(s).
INFO: [Project 1-111] Unisim Transformation Summary:
  A total of 14 instances were transformed.
  LDC => LDCE: 13 instances
  LDP => LDPE: 1 instances

INFO: [Common 17-83] Releasing license: Synthesis
39 Infos, 95 Warnings, 0 Critical Warnings and 0 Errors encountered.
synth_design completed successfully
synth_design: Time (s): cpu = 00:00:51 ; elapsed = 00:01:02 . Memory (MB): peak = 792.180 ; gain = 546.086
INFO: [Common 17-1381] The checkpoint 'E:/akhil/Combined Module/ibert_final/ibert_final.runs/synth_1/combined.dcp' has been generated.
INFO: [runtcl-4] Executing : report_utilization -file combined_utilization_synth.rpt -pb combined_utilization_synth.pb
report_utilization: Time (s): cpu = 00:00:00 ; elapsed = 00:00:00.061 . Memory (MB): peak = 792.180 ; gain = 0.000
INFO: [Common 17-206] Exiting Vivado at Thu Aug  9 22:40:27 2018...
